<?xml version="1.0" encoding="UTF-8"?>
<!-- Generated by org.testng.reporters.JUnitReportReporter -->
<testsuite hostname="Abhitoshs-MacBook-Pro.local" failures="0" tests="6" name="testcases.suitea.CreateUser" time="0.013" errors="0" timestamp="2022-05-26T20:48:29 EDT" skipped="0">
  <testcase classname="testcases.suitea.CreateUser" name="deleteUser" time="0.002"/>
  <system-out/>
  <testcase classname="testcases.suitea.CreateUser" name="createUser" time="0.003"/>
  <system-out/>
  <testcase classname="testcases.suitea.CreateUser" name="createUser" time="0.001"/>
  <system-out/>
  <testcase classname="testcases.suitea.CreateUser" name="deleteUser" time="0.004"/>
  <system-out/>
  <testcase classname="testcases.suitea.CreateUser" name="deleteUser" time="0.001"/>
  <system-out/>
  <testcase classname="testcases.suitea.CreateUser" name="createUser" time="0.002"/>
  <system-out/>
</testsuite> <!-- testcases.suitea.CreateUser -->
