<?xml version="1.0" encoding="UTF-8"?>
<!-- Generated by org.testng.reporters.JUnitReportReporter -->
<testsuite hostname="Abhitoshs-MacBook-Pro.local" failures="0" tests="3" name="testcases.suiteb.SearchAndBuyPhone" time="0.005" errors="0" timestamp="2022-05-26T20:48:29 EDT" skipped="0">
  <testcase classname="testcases.suiteb.SearchAndBuyPhone" name="search" time="0.002"/>
  <system-out/>
  <testcase classname="testcases.suiteb.SearchAndBuyPhone" name="selectPhone" time="0.001"/>
  <system-out/>
  <testcase classname="testcases.suiteb.SearchAndBuyPhone" name="checkout" time="0.002"/>
  <system-out/>
</testsuite> <!-- testcases.suiteb.SearchAndBuyPhone -->
