<?xml version="1.0" encoding="UTF-8"?>
<!-- Generated by org.testng.reporters.JUnitReportReporter -->
<testsuite hostname="Abhitoshs-MacBook-Pro.local" failures="0" tests="1" name="testcases.suiteb.SearchAndBuyNewPhone" time="0.006" errors="0" timestamp="2022-05-26T19:20:31 EDT" skipped="0">
  <testcase classname="testcases.suiteb.SearchAndBuyNewPhone" name="search" time="0.006"/>
  <system-out/>
</testsuite> <!-- testcases.suiteb.SearchAndBuyNewPhone -->
