<?xml version="1.0" encoding="UTF-8"?>
<!-- Generated by org.testng.reporters.JUnitReportReporter -->
<testsuite hostname="Abhitoshs-MacBook-Pro.local" failures="0" tests="3" name="dataprovider.SearchAndBuyPhone" time="0.019" errors="0" timestamp="2022-05-26T00:31:48 EDT" skipped="0">
  <testcase classname="dataprovider.SearchAndBuyPhone" name="checkout" time="0.010"/>
  <system-out/>
  <testcase classname="dataprovider.SearchAndBuyPhone" name="search" time="0.002"/>
  <system-out/>
  <testcase classname="dataprovider.SearchAndBuyPhone" name="selectPhone" time="0.007"/>
  <system-out/>
</testsuite> <!-- dataprovider.SearchAndBuyPhone -->
