<?xml version="1.0" encoding="UTF-8"?>
<!-- Generated by org.testng.reporters.JUnitReportReporter -->
<testsuite hostname="Abhitoshs-MacBook-Pro.local" failures="0" tests="2" name="testcases.suitea.LoginTest" time="0.011" errors="0" timestamp="2022-05-26T20:48:29 EDT" skipped="0">
  <testcase classname="testcases.suitea.LoginTest" name="doLogin" time="0.010"/>
  <system-out/>
  <testcase classname="testcases.suitea.LoginTest" name="logOut" time="0.001"/>
  <system-out/>
</testsuite> <!-- testcases.suitea.LoginTest -->
